<?xml version="1.0" encoding="UTF-8"?>
<robot generator="Robot 4.0.3 (Python 3.9.5 on win32)" generated="20210707 12:47:35.792" rpa="false" schemaversion="2">
<suite id="s1" name="Selenium tests" source="C:\Robot\Selenium suite\Selenium_tests.robot">
<test id="s1-t1" name="TC3 Open Login">
<kw name="Append To Environment Variable" library="OperatingSystem">
<arg>Path</arg>
<arg>C:\\Robot</arg>
<doc>Appends given ``values`` to environment variable ``name``.</doc>
<msg timestamp="20210707 12:47:35.991" level="INFO">Environment variable 'Path' set to value 'C:\Robot\venv\Scripts;C:\Program Files\Python39\Scripts\;C:\Program Files\Python39\;C:\Program Files (x86)\Common Files\Oracle\Java\javapath;C:\WINDOWS\system32;C:\WINDOWS;C:\WINDOWS\System32\Wbem;C:\WINDOWS\System32\WindowsPowerShell\v1.0\;C:\WINDOWS\System32\OpenSSH\;C:\Program Files (x86)\Webex\Webex\Applications;C:\Program Files\Intel\WiFi\bin\;C:\Program Files\Common Files\Intel\WirelessCommon\;C:\Program Files (x86)\Sennheiser\SenncomSDK\;C:\Program Files\Git\cmd;C:\Users\vkirwadi\AppData\Local\Microsoft\WindowsApps;;C:\Program Files\JetBrains\PyCharm Community Edition 2021.1.3\bin;;C:\Robot'.</msg>
<status status="PASS" starttime="20210707 12:47:35.991" endtime="20210707 12:47:35.991"/>
</kw>
<kw name="Open Browser" library="SeleniumLibrary">
<arg>url=http://demo.openemr.io/b/openemr/interface/login/login.php?site=default</arg>
<arg>browser=gc</arg>
<doc>Opens a new browser instance to the optional ``url``.</doc>
<msg timestamp="20210707 12:47:35.992" level="INFO">Opening browser 'gc' to base url 'http://demo.openemr.io/b/openemr/interface/login/login.php?site=default'.</msg>
<status status="PASS" starttime="20210707 12:47:35.992" endtime="20210707 12:47:39.526"/>
</kw>
<kw name="Maximize Browser Window" library="SeleniumLibrary">
<doc>Maximizes current browser window.</doc>
<status status="PASS" starttime="20210707 12:47:39.526" endtime="20210707 12:47:39.660"/>
</kw>
<kw name="Set Selenium Implicit Wait" library="SeleniumLibrary">
<arg>30s</arg>
<doc>Sets the implicit wait value used by Selenium.</doc>
<status status="PASS" starttime="20210707 12:47:39.660" endtime="20210707 12:47:39.663"/>
</kw>
<kw name="Input Text" library="SeleniumLibrary">
<arg>authUser</arg>
<arg>admin</arg>
<doc>Types the given ``text`` into the text field identified by ``locator``.</doc>
<msg timestamp="20210707 12:47:39.664" level="INFO">Typing text 'admin' into text field 'authUser'.</msg>
<status status="PASS" starttime="20210707 12:47:39.664" endtime="20210707 12:47:39.894"/>
</kw>
<kw name="Input Password" library="SeleniumLibrary">
<arg>clearPass</arg>
<arg>pass</arg>
<doc>Types the given password into the text field identified by ``locator``.</doc>
<msg timestamp="20210707 12:47:39.896" level="INFO">Typing password into text field 'clearPass'.</msg>
<msg timestamp="20210707 12:47:40.004" level="INFO">Temporally setting log level to: NONE</msg>
<msg timestamp="20210707 12:47:40.118" level="INFO">Log level changed from NONE to INFO.</msg>
<status status="PASS" starttime="20210707 12:47:39.895" endtime="20210707 12:47:40.118"/>
</kw>
<kw name="Select From List By Value" library="SeleniumLibrary">
<arg>languageChoice</arg>
<arg>18</arg>
<doc>Selects options from selection list ``locator`` by ``values``.</doc>
<msg timestamp="20210707 12:47:40.120" level="INFO">Selecting options from selection list 'languageChoice' by value 18.</msg>
<status status="PASS" starttime="20210707 12:47:40.119" endtime="20210707 12:47:40.236"/>
</kw>
<kw name="Click Button" library="SeleniumLibrary">
<arg>//button[@class="btn btn-login btn-lg"]</arg>
<doc>Clicks the button identified by ``locator``.</doc>
<msg timestamp="20210707 12:47:40.237" level="INFO">Clicking button '//button[@class="btn btn-login btn-lg"]'.</msg>
<status status="PASS" starttime="20210707 12:47:40.236" endtime="20210707 12:47:44.114"/>
</kw>
<kw name="Get Title" library="SeleniumLibrary">
<var>${name}</var>
<doc>Returns the title of the current page.</doc>
<msg timestamp="20210707 12:47:44.124" level="INFO">${name} = OpenEMR</msg>
<status status="PASS" starttime="20210707 12:47:44.115" endtime="20210707 12:47:44.124"/>
</kw>
<kw name="Log" library="BuiltIn">
<arg>${name}</arg>
<doc>Logs the given message with the given level.</doc>
<msg timestamp="20210707 12:47:44.125" level="INFO">OpenEMR</msg>
<status status="PASS" starttime="20210707 12:47:44.125" endtime="20210707 12:47:44.125"/>
</kw>
<kw name="Log To Console" library="BuiltIn">
<arg>${name}</arg>
<doc>Logs the given message to the console.</doc>
<status status="PASS" starttime="20210707 12:47:44.126" endtime="20210707 12:47:44.127"/>
</kw>
<kw name="Mouse Over" library="SeleniumLibrary">
<arg>//div[@class="menuLabel dropdown-toggle oe-dropdown-toggle"]</arg>
<doc>Simulates hovering the mouse over the element ``locator``.</doc>
<msg timestamp="20210707 12:47:44.129" level="INFO">Simulating Mouse Over on element '//div[@class="menuLabel dropdown-toggle oe-dropdown-toggle"]'.</msg>
<status status="PASS" starttime="20210707 12:47:44.128" endtime="20210707 12:47:44.417"/>
</kw>
<kw name="Click Element" library="SeleniumLibrary">
<arg>//div[text()="Patients"]</arg>
<doc>Click the element identified by ``locator``.</doc>
<msg timestamp="20210707 12:47:44.418" level="INFO">Clicking element '//div[text()="Patients"]'.</msg>
<status status="PASS" starttime="20210707 12:47:44.418" endtime="20210707 12:47:44.557"/>
</kw>
<kw name="Select Frame" library="SeleniumLibrary">
<arg>fin</arg>
<doc>Sets frame identified by ``locator`` as the current frame.</doc>
<msg timestamp="20210707 12:47:44.559" level="INFO">Selecting frame 'fin'.</msg>
<status status="PASS" starttime="20210707 12:47:44.558" endtime="20210707 12:47:45.518"/>
</kw>
<kw name="Click Element" library="SeleniumLibrary">
<arg>fin</arg>
<doc>Click the element identified by ``locator``.</doc>
<msg timestamp="20210707 12:47:45.519" level="INFO">Clicking element 'fin'.</msg>
<kw name="Capture Page Screenshot" library="SeleniumLibrary">
<doc>Takes a screenshot of the current page and embeds it into a log file.</doc>
<msg timestamp="20210707 12:48:15.731" level="INFO" html="true">&lt;/td&gt;&lt;/tr&gt;&lt;tr&gt;&lt;td colspan="3"&gt;&lt;a href="selenium-screenshot-8.png"&gt;&lt;img src="selenium-screenshot-8.png" width="800px"&gt;&lt;/a&gt;</msg>
<status status="PASS" starttime="20210707 12:48:15.596" endtime="20210707 12:48:15.731"/>
</kw>
<msg timestamp="20210707 12:48:15.734" level="FAIL">Element with locator 'fin' not found.</msg>
<status status="FAIL" starttime="20210707 12:47:45.519" endtime="20210707 12:48:15.734"/>
</kw>
<kw name="Unselect Frame" library="SeleniumLibrary">
<doc>Sets the main frame as the current frame.</doc>
<status status="NOT RUN" starttime="20210707 12:48:15.734" endtime="20210707 12:48:15.734"/>
</kw>
<kw name="Select Frame" library="SeleniumLibrary">
<arg>pat</arg>
<doc>Sets frame identified by ``locator`` as the current frame.</doc>
<status status="NOT RUN" starttime="20210707 12:48:15.735" endtime="20210707 12:48:15.735"/>
</kw>
<kw name="Click Element" library="SeleniumLibrary">
<arg>pat</arg>
<doc>Click the element identified by ``locator``.</doc>
<status status="NOT RUN" starttime="20210707 12:48:15.735" endtime="20210707 12:48:15.735"/>
</kw>
<status status="FAIL" starttime="20210707 12:47:35.990" endtime="20210707 12:48:15.736">Element with locator 'fin' not found.</status>
</test>
<status status="FAIL" starttime="20210707 12:47:35.794" endtime="20210707 12:48:15.737"/>
</suite>
<statistics>
<total>
<stat pass="0" fail="1" skip="0">All Tests</stat>
</total>
<tag>
</tag>
<suite>
<stat pass="0" fail="1" skip="0" id="s1" name="Selenium tests">Selenium tests</stat>
</suite>
</statistics>
<errors>
</errors>
</robot>
