<?xml version="1.0" encoding="UTF-8"?>
<robot generator="Robot 4.0.3 (Python 3.9.5 on win32)" generated="20210708 13:42:35.332" rpa="false" schemaversion="2">
<suite id="s1" name="Test2" source="C:\Robot\Selenium suite\test2.robot">
<test id="s1-t1" name="TC1 Table">
<kw name="Open Browser" library="SeleniumLibrary">
<arg>url=https://datatables.net/extensions/select/examples/initialisation/checkbox.html</arg>
<arg>browser=gc</arg>
<doc>Opens a new browser instance to the optional ``url``.</doc>
<msg timestamp="20210708 13:42:35.520" level="INFO">Opening browser 'gc' to base url 'https://datatables.net/extensions/select/examples/initialisation/checkbox.html'.</msg>
<status status="PASS" starttime="20210708 13:42:35.519" endtime="20210708 13:42:39.389"/>
</kw>
<kw name="Maximize Browser Window" library="SeleniumLibrary">
<doc>Maximizes current browser window.</doc>
<status status="PASS" starttime="20210708 13:42:39.389" endtime="20210708 13:42:39.515"/>
</kw>
<kw name="Set Selenium Implicit Wait" library="SeleniumLibrary">
<arg>30s</arg>
<doc>Sets the implicit wait value used by Selenium.</doc>
<status status="PASS" starttime="20210708 13:42:39.516" endtime="20210708 13:42:39.518"/>
</kw>
<kw name="Get Text" library="SeleniumLibrary">
<var>${text}</var>
<arg>//div[@id='example_info']</arg>
<doc>Returns the text value of the element identified by ``locator``.</doc>
<msg timestamp="20210708 13:42:39.573" level="INFO">${text} = Showing 1 to 10 of 57 entries</msg>
<status status="PASS" starttime="20210708 13:42:39.519" endtime="20210708 13:42:39.573"/>
</kw>
<kw name="Log To Console" library="BuiltIn">
<arg>${text}</arg>
<doc>Logs the given message to the console.</doc>
<status status="PASS" starttime="20210708 13:42:39.574" endtime="20210708 13:42:39.575"/>
</kw>
<kw name="Fetch From Right" library="String">
<var>${text}</var>
<arg>${text}</arg>
<arg>of</arg>
<doc>Returns contents of the ``string`` after the last occurrence of ``marker``.</doc>
<msg timestamp="20210708 13:42:39.577" level="INFO">${text} =  57 entries</msg>
<status status="PASS" starttime="20210708 13:42:39.576" endtime="20210708 13:42:39.577"/>
</kw>
<kw name="Log To Console" library="BuiltIn">
<arg>${text}</arg>
<doc>Logs the given message to the console.</doc>
<status status="PASS" starttime="20210708 13:42:39.578" endtime="20210708 13:42:39.579"/>
</kw>
<status status="PASS" starttime="20210708 13:42:35.519" endtime="20210708 13:42:39.580"/>
</test>
<status status="PASS" starttime="20210708 13:42:35.334" endtime="20210708 13:42:39.584"/>
</suite>
<statistics>
<total>
<stat pass="1" fail="0" skip="0">All Tests</stat>
</total>
<tag>
</tag>
<suite>
<stat pass="1" fail="0" skip="0" id="s1" name="Test2">Test2</stat>
</suite>
</statistics>
<errors>
</errors>
</robot>
